<?xml version="1.0" encoding="UTF-8"?>
<testng-results skipped="0" failed="0" ignored="0" total="1" passed="1">
  <reporter-output>
  </reporter-output>
  <suite name="SeleniumTestFramwork" duration-ms="36638" started-at="2021-09-11T20:35:41 IST" finished-at="2021-09-11T20:36:17 IST">
    <groups>
    </groups>
    <test name="BankingApp Test" duration-ms="36638" started-at="2021-09-11T20:35:41 IST" finished-at="2021-09-11T20:36:17 IST">
      <class name="com.SeleniumTestFramwork.testCases.TC3_AddCustomer">
        <test-method status="PASS" signature="setup(java.lang.String)[pri:0, instance:com.SeleniumTestFramwork.testCases.TC3_AddCustomer@3aeaafa6]" name="setup" is-config="true" duration-ms="4380" started-at="2021-09-11T20:35:41 IST" finished-at="2021-09-11T20:35:45 IST">
          <params>
            <param index="0">
              <value>
                <![CDATA[chrome]]>
              </value>
            </param>
          </params>
          <reporter-output>
          </reporter-output>
        </test-method> <!-- setup -->
        <test-method status="PASS" signature="fn_AddCustomerDetails(java.lang.String,java.lang.String,java.lang.String,java.lang.String,java.lang.String,java.lang.String,java.lang.String,java.lang.String,java.lang.String,java.lang.String)[pri:0, instance:com.SeleniumTestFramwork.testCases.TC3_AddCustomer@3aeaafa6]" name="fn_AddCustomerDetails" duration-ms="30904" started-at="2021-09-11T20:35:46 IST" data-provider="GetCustData" finished-at="2021-09-11T20:36:17 IST">
          <params>
            <param index="0">
              <value>
                <![CDATA[Ram]]>
              </value>
            </param>
            <param index="1">
              <value>
                <![CDATA[M]]>
              </value>
            </param>
            <param index="2">
              <value>
                <![CDATA[11-11-1985]]>
              </value>
            </param>
            <param index="3">
              <value>
                <![CDATA[Ramakant Road Pune]]>
              </value>
            </param>
            <param index="4">
              <value>
                <![CDATA[Pune]]>
              </value>
            </param>
            <param index="5">
              <value>
                <![CDATA[Maharastra]]>
              </value>
            </param>
            <param index="6">
              <value>
                <![CDATA[400012]]>
              </value>
            </param>
            <param index="7">
              <value>
                <![CDATA[123456789]]>
              </value>
            </param>
            <param index="8">
              <value>
                <![CDATA[abc@flex.com]]>
              </value>
            </param>
            <param index="9">
              <value>
                <![CDATA[123456]]>
              </value>
            </param>
          </params>
          <reporter-output>
          </reporter-output>
        </test-method> <!-- fn_AddCustomerDetails -->
        <test-method status="PASS" signature="tearDown()[pri:0, instance:com.SeleniumTestFramwork.testCases.TC3_AddCustomer@3aeaafa6]" name="tearDown" is-config="true" duration-ms="630" started-at="2021-09-11T20:36:17 IST" finished-at="2021-09-11T20:36:17 IST">
          <reporter-output>
          </reporter-output>
        </test-method> <!-- tearDown -->
      </class> <!-- com.SeleniumTestFramwork.testCases.TC3_AddCustomer -->
    </test> <!-- BankingApp Test -->
  </suite> <!-- SeleniumTestFramwork -->
</testng-results>
